<?xml version="1.0" encoding="UTF-8"?>
<!-- Generated by org.testng.reporters.JUnitReportReporter -->
<testsuite hostname="DESKTOP-HROF48B" failures="0" tests="3" name="DevOps.DevOpsAssignment" time="142.107" errors="0" timestamp="2024-01-15T20:57:58 IST" skipped="0">
  <testcase classname="DevOps.DevOpsAssignment" name="browsertest" time="25.530"/>
  <system-out/>
  <testcase classname="DevOps.DevOpsAssignment" name="browsertest" time="64.696"/>
  <system-out/>
  <testcase classname="DevOps.DevOpsAssignment" name="browsertest" time="51.881"/>
  <system-out/>
</testsuite> <!-- DevOps.DevOpsAssignment -->
